\BOOKMARK [1][-]{section.1}{\376\377\230\171\166\356\133\232\117\115\116\016\150\070\137\303\225\356\230\230}{}% 1
\BOOKMARK [1][-]{section.2}{\376\377\140\073\117\123\142\200\147\057\215\357\176\277}{}% 2
\BOOKMARK [1][-]{section.3}{\376\377\160\271\116\221\165\037\142\020\152\041\127\127}{}% 3
\BOOKMARK [2][-]{subsection.3.1}{\376\377\213\276\213\241\166\356\150\007}{section.3}% 4
\BOOKMARK [2][-]{subsection.3.2}{\376\377\121\163\225\056\176\304\142\020}{section.3}% 5
\BOOKMARK [2][-]{subsection.3.3}{\376\377\160\271\116\221\146\057\131\202\117\125\165\037\142\020\166\204}{section.3}% 6
\BOOKMARK [2][-]{subsection.3.4}{\376\377\137\123\122\115\135\345\172\013\162\266\140\001}{section.3}% 7
\BOOKMARK [1][-]{section.4}{\376\377\152\041\127\213\213\255\176\303\152\041\127\127}{}% 8
\BOOKMARK [2][-]{subsection.4.1}{\376\377\217\223\121\145\116\016\145\160\143\156\122\240\217\175}{section.4}% 9
\BOOKMARK [2][-]{subsection.4.2}{\376\377\232\250\136\162\177\121\176\334}{section.4}% 10
\BOOKMARK [2][-]{subsection.4.3}{\376\377\000m\000H\000C\060\001\143\137\131\061\116\016\117\030\123\026\126\150}{section.4}% 11
\BOOKMARK [2][-]{subsection.4.4}{\376\377\226\144\116\206\000\040\000b\000a\000s\000e\000l\000i\000n\000e\000\040\116\345\131\026\166\204\213\255\176\303\122\006\145\057}{section.4}% 12
\BOOKMARK [3][-]{subsubsection.4.4.1}{\376\377\000G\000A\000N\000\040\122\006\145\057\166\204\117\134\165\050}{subsection.4.4}% 13
\BOOKMARK [3][-]{subsubsection.4.4.2}{\376\377\000g\000a\000n\000\137\000e\000n\000h\000a\000n\000c\000e\000d\000\040\152\041\137\017}{subsection.4.4}% 14
\BOOKMARK [3][-]{subsubsection.4.4.3}{\376\377\000e\000n\000d\0002\000e\000n\000d\000\040\152\041\137\017}{subsection.4.4}% 15
\BOOKMARK [3][-]{subsubsection.4.4.4}{\376\377\137\123\122\115\133\371\000\040\000G\000A\000N\000\040\000/\000\040\000e\000n\000d\0002\000e\000n\000d\000\040\166\204\133\232\117\115}{subsection.4.4}% 16
\BOOKMARK [1][-]{section.5}{\376\377\116\072\116\300\116\110\121\110\120\132\116\214\122\006\174\173}{}% 17
\BOOKMARK [1][-]{section.6}{\376\377\137\123\122\115\176\323\147\234\166\204\147\145\156\220\060\001\123\343\137\204\116\016\226\120\122\066}{}% 18
\BOOKMARK [2][-]{subsection.6.1}{\376\377\176\323\147\234\147\145\156\220\213\364\146\016}{section.6}% 19
\BOOKMARK [2][-]{subsection.6.2}{\376\377\217\307\142\337\124\010\213\364\146\016}{section.6}% 20
\BOOKMARK [2][-]{subsection.6.3}{\376\377\213\304\117\060\123\343\137\204\135\356\137\002}{section.6}% 21
\BOOKMARK [1][-]{section.7}{\376\377\226\066\153\265\140\047\116\343\210\150\176\323\147\234}{}% 22
\BOOKMARK [2][-]{subsection.7.1}{\376\377\000S\000w\000i\000n\0003\000D\000\040\116\073\176\277}{section.7}% 23
\BOOKMARK [2][-]{subsection.7.2}{\376\377\000P\000o\000i\000n\000t\000M\000a\000m\000b\000a\000\040\116\073\176\277}{section.7}% 24
\BOOKMARK [2][-]{subsection.7.3}{\376\377\0003\0008\000\040\174\173\116\373\122\241\163\260\162\266}{section.7}% 25
\BOOKMARK [1][-]{section.8}{\376\377\137\123\122\115\230\171\166\356\166\204\226\066\153\265\140\047\122\044\145\255}{}% 26
\BOOKMARK [1][-]{section.9}{\376\377\116\013\116\000\226\066\153\265\232\214\213\301\213\241\122\022}{}% 27
\BOOKMARK [2][-]{subsection.9.1}{\376\377\145\160\143\156\142\151\133\271}{section.9}% 28
\BOOKMARK [2][-]{subsection.9.2}{\376\377\221\315\145\260\232\214\213\301\116\214\122\006\174\173\127\372\176\277}{section.9}% 29
\BOOKMARK [2][-]{subsection.9.3}{\376\377\221\315\145\260\213\276\213\241\131\032\174\173\122\053\217\301\171\373}{section.9}% 30
\BOOKMARK [2][-]{subsection.9.4}{\376\377\176\347\176\355\143\250\217\333\000\040\000G\000A\000N\000\040\000/\000\040\127\337\220\002\221\115\145\057\176\277}{section.9}% 31
\BOOKMARK [1][-]{section.10}{\376\377\176\323\213\272}{}% 32
